<?xml version="1.0" encoding="UTF-8"?>
<!-- Generated by org.testng.reporters.JUnitReportReporter -->
<testsuite skipped="0" hostname="Neelima" name="testNGPackage.Example2forGroups" tests="3" failures="0" timestamp="19 Nov 2018 07:04:39 GMT" time="0.011" errors="0">
  <testcase name="performAfterlogin" time="0.007" classname="testNGPackage.Example2forGroups"/>
  <testcase name="signupTest" time="0.002" classname="testNGPackage.Example2forGroups"/>
  <testcase name="signupCheck" time="0.002" classname="testNGPackage.Example2forGroups"/>
</testsuite> <!-- testNGPackage.Example2forGroups -->
