<?xml version="1.0" encoding="UTF-8"?>
<!-- Generated by org.testng.reporters.JUnitReportReporter -->
<testsuite skipped="0" hostname="Neelima" name="FoxPractice.CheckTitleAndLogo" tests="3" failures="0" timestamp="26 Nov 2018 03:41:36 GMT" time="17.684" errors="0">
  <testcase name="logoTest" time="4.094" classname="FoxPractice.CheckTitleAndLogo"/>
  <testcase name="titleTest" time="4.426" classname="FoxPractice.CheckTitleAndLogo"/>
  <testcase name="clickFooter" time="9.164" classname="FoxPractice.CheckTitleAndLogo"/>
</testsuite> <!-- FoxPractice.CheckTitleAndLogo -->
