<?xml version="1.0" encoding="UTF-8"?>
<!-- Generated by org.testng.reporters.JUnitReportReporter -->
<testsuite skipped="0" hostname="Neelima" name="testNGPackage.InvocationCountTest" tests="10" failures="0" timestamp="12 Nov 2018 08:10:34 GMT" time="0.170" errors="0">
  <testcase name="sum" time="0.026" classname="testNGPackage.InvocationCountTest"/>
  <testcase name="sum" time="0.009" classname="testNGPackage.InvocationCountTest"/>
  <testcase name="sum" time="0.009" classname="testNGPackage.InvocationCountTest"/>
  <testcase name="sum" time="0.009" classname="testNGPackage.InvocationCountTest"/>
  <testcase name="sum" time="0.005" classname="testNGPackage.InvocationCountTest"/>
  <testcase name="sum" time="0.037" classname="testNGPackage.InvocationCountTest"/>
  <testcase name="sum" time="0.007" classname="testNGPackage.InvocationCountTest"/>
  <testcase name="sum" time="0.019" classname="testNGPackage.InvocationCountTest"/>
  <testcase name="sum" time="0.031" classname="testNGPackage.InvocationCountTest"/>
  <testcase name="sum" time="0.018" classname="testNGPackage.InvocationCountTest"/>
</testsuite> <!-- testNGPackage.InvocationCountTest -->
