<?xml version="1.0" encoding="UTF-8"?>
<!-- Generated by org.testng.reporters.JUnitReportReporter -->
<testsuite skipped="0" hostname="Neelima" name="testNGPackage.AssertExampleTest" tests="1" failures="0" timestamp="12 Nov 2018 08:40:57 GMT" time="8.477" errors="0">
  <testcase name="googleTitleTest" time="8.477" classname="testNGPackage.AssertExampleTest"/>
</testsuite> <!-- testNGPackage.AssertExampleTest -->
